<?xml version="1.0" encoding="utf-8"?>
<test-run id="2" testcasecount="294" result="Passed" total="294" passed="294" failed="0" inconclusive="0" skipped="0" asserts="0" engine-version="3.5.0.0" clr-version="4.0.30319.42000" start-time="2026-07-14 02:06:55Z" end-time="2026-07-14 02:06:55Z" duration="0.4080342">
  <test-suite type="TestSuite" id="1000" name="XingyuanCovenant" fullname="XingyuanCovenant" runstate="Runnable" testcasecount="294" result="Passed" start-time="2026-07-14 02:06:55Z" end-time="2026-07-14 02:06:55Z" duration="0.408034" total="294" passed="294" failed="0" inconclusive="0" skipped="0" asserts="0">
    <properties>
      <property name="platform" value="EditMode" />
    </properties>
    <test-suite type="Assembly" id="1323" name="Starfall.Tests.EditMode.dll" fullname="D:/AI-Worktrees/Xingyuan/gameplay/Library/ScriptAssemblies/Starfall.Tests.EditMode.dll" runstate="Runnable" testcasecount="294" result="Passed" start-time="2026-07-14 02:06:55Z" end-time="2026-07-14 02:06:55Z" duration="0.396360" total="294" passed="294" failed="0" inconclusive="0" skipped="0" asserts="0">
      <properties>
        <property name="_PID" value="27056" />
        <property name="_APPDOMAIN" value="Unity Child Domain" />
        <property name="platform" value="EditMode" />
        <property name="EditorOnly" value="True" />
      </properties>
      <test-suite type="TestSuite" id="1324" name="Starfall" fullname="Starfall" runstate="Runnable" testcasecount="294" result="Passed" start-time="2026-07-14 02:06:55Z" end-time="2026-07-14 02:06:55Z" duration="0.395914" total="294" passed="294" failed="0" inconclusive="0" skipped="0" asserts="0">
        <properties />
        <test-suite type="TestSuite" id="1325" name="Tests" fullname="Starfall.Tests" runstate="Runnable" testcasecount="294" result="Passed" start-time="2026-07-14 02:06:55Z" end-time="2026-07-14 02:06:55Z" duration="0.395793" total="294" passed="294" failed="0" inconclusive="0" skipped="0" asserts="0">
          <properties />
          <test-suite type="TestSuite" id="1326" name="EditMode" fullname="Starfall.Tests.EditMode" runstate="Runnable" testcasecount="294" result="Passed" start-time="2026-07-14 02:06:55Z" end-time="2026-07-14 02:06:55Z" duration="0.395489" total="294" passed="294" failed="0" inconclusive="0" skipped="0" asserts="0">
            <properties />
            <test-suite type="TestFixture" id="1001" name="AnchorAndDecreeTests" fullname="Starfall.Tests.EditMode.AnchorAndDecreeTests" classname="Starfall.Tests.EditMode.AnchorAndDecreeTests" runstate="Runnable" testcasecount="8" result="Passed" start-time="2026-07-14 02:06:55Z" end-time="2026-07-14 02:06:55Z" duration="0.084076" total="8" passed="8" failed="0" inconclusive="0" skipped="0" asserts="0">
              <properties />
              <test-case id="1005" name="AnchorRegistry_RegisterAndGet" fullname="Starfall.Tests.EditMode.AnchorAndDecreeTests.AnchorRegistry_RegisterAndGet" methodname="AnchorRegistry_RegisterAndGet" classname="Starfall.Tests.EditMode.AnchorAndDecreeTests" runstate="Runnable" seed="331316725" result="Passed" start-time="2026-07-14 02:06:55Z" end-time="2026-07-14 02:06:55Z" duration="0.026845" asserts="0">
                <properties>
                  <property name="retryIteration" value="0" />
                  <property name="repeatIteration" value="0" />
                </properties>
              </test-case>
              <test-case id="1003" name="AnchorZone_ContainsInside" fullname="Starfall.Tests.EditMode.AnchorAndDecreeTests.AnchorZone_ContainsInside" methodname="AnchorZone_ContainsInside" classname="Starfall.Tests.EditMode.AnchorAndDecreeTests" runstate="Runnable" seed="629824959" result="Passed" start-time="2026-07-14 02:06:55Z" end-time="2026-07-14 02:06:55Z" duration="0.001320" asserts="0">
                <properties>
                  <property name="retryIteration" value="0" />
                  <property name="repeatIteration" value="0" />
                </properties>
              </test-case>
              <test-case id="1004" name="AnchorZone_RejectsOutside" fullname="Starfall.Tests.EditMode.AnchorAndDecreeTests.AnchorZone_RejectsOutside" methodname="AnchorZone_RejectsOutside" classname="Starfall.Tests.EditMode.AnchorAndDecreeTests" runstate="Runnable" seed="981336752" result="Passed" start-time="2026-07-14 02:06:55Z" end-time="2026-07-14 02:06:55Z" duration="0.000861" asserts="0">
                <properties>
                  <property name="retryIteration" value="0" />
                  <property name="repeatIteration" value="0" />
                </properties>
              </test-case>
              <test-case id="1002" name="AnchorZone_VerticesSorted" fullname="Starfall.Tests.EditMode.AnchorAndDecreeTests.AnchorZone_VerticesSorted" methodname="AnchorZone_VerticesSorted" classname="Starfall.Tests.EditMode.AnchorAndDecreeTests" runstate="Runnable" seed="928646469" result="Passed" start-time="2026-07-14 02:06:55Z" end-time="2026-07-14 02:06:55Z" duration="0.010116" asserts="0">
                <properties>
                  <property name="retryIteration" value="0" />
                  <property name="repeatIteration" value="0" />
                </properties>
              </test-case>
              <test-case id="1008" name="BattleState_HashChangesWithAnchor" fullname="Starfall.Tests.EditMode.AnchorAndDecreeTests.BattleState_HashChangesWithAnchor" methodname="BattleState_HashChangesWithAnchor" classname="Starfall.Tests.EditMode.AnchorAndDecreeTests" runstate="Runnable" seed="1280164317" result="Passed" start-time="2026-07-14 02:06:55Z" end-time="2026-07-14 02:06:55Z" duration="0.018847" asserts="0">
                <properties>
                  <property name="retryIteration" value="0" />
                  <property name="repeatIteration" value="0" />
                </properties>
              </test-case>
              <test-case id="1009" name="BattleState_HashChangesWithDecree" fullname="Starfall.Tests.EditMode.AnchorAndDecreeTests.BattleState_HashChangesWithDecree" methodname="BattleState_HashChangesWithDecree" classname="Starfall.Tests.EditMode.AnchorAndDecreeTests" runstate="Runnable" seed="1538745152" result="Passed" start-time="2026-07-14 02:06:55Z" end-time="2026-07-14 02:06:55Z" duration="0.001354" asserts="0">
                <properties>
                  <property name="retryIteration" value="0" />
                  <property name="repeatIteration" value="0" />
                </properties>
              </test-case>
              <test-case id="1006" name="DecreeRegistry_IssueAndRevoke" fullname="Starfall.Tests.EditMode.AnchorAndDecreeTests.DecreeRegistry_IssueAndRevoke" methodname="DecreeRegistry_IssueAndRevoke" classname="Starfall.Tests.EditMode.AnchorAndDecreeTests" runstate="Runnable" seed="945804883" result="Passed" start-time="2026-07-14 02:06:55Z" end-time="2026-07-14 02:06:55Z" duration="0.000697" asserts="0">
                <properties>
                  <property name="retryIteration" value="0" />
                  <property name="repeatIteration" value="0" />
                </properties>
              </test-case>
              <test-case id="1007" name="DecreeRegistry_OrdersByDecreeId" fullname="Starfall.Tests.EditMode.AnchorAndDecreeTests.DecreeRegistry_OrdersByDecreeId" methodname="DecreeRegistry_OrdersByDecreeId" classname="Starfall.Tests.EditMode.AnchorAndDecreeTests" runstate="Runnable" seed="93014850" result="Passed" start-time="2026-07-14 02:06:55Z" end-time="2026-07-14 02:06:55Z" duration="0.000338" asserts="0">
                <properties>
                  <property name="retryIteration" value="0" />
                  <property name="repeatIteration" value="0" />
                </properties>
              </test-case>
            </test-suite>
            <test-suite type="TestFixture" id="1010" name="AttackAndAITests" fullname="Starfall.Tests.EditMode.AttackAndAITests" classname="Starfall.Tests.EditMode.AttackAndAITests" runstate="Runnable" testcasecount="8" result="Passed" start-time="2026-07-14 02:06:55Z" end-time="2026-07-14 02:06:55Z" duration="0.013893" total="8" passed="8" failed="0" inconclusive="0" skipped="0" asserts="0">
              <properties />
              <test-case id="1014" name="AttackCommand_AppliesDamage" fullname="Starfall.Tests.EditMode.AttackAndAITests.AttackCommand_AppliesDamage" methodname="AttackCommand_AppliesDamage" classname="Starfall.Tests.EditMode.AttackAndAITests" runstate="Runnable" seed="1863569929" result="Passed" start-time="2026-07-14 02:06:55Z" end-time="2026-07-14 02:06:55Z" duration="0.002709" asserts="0">
                <properties>
                  <property name="retryIteration" value="0" />
                  <property name="repeatIteration" value="0" />
                </properties>
              </test-case>
              <test-case id="1015" name="AttackCommand_IllegalIfNotAdjacent" fullname="Starfall.Tests.EditMode.AttackAndAITests.AttackCommand_IllegalIfNotAdjacent" methodname="AttackCommand_IllegalIfNotAdjacent" classname="Starfall.Tests.EditMode.AttackAndAITests" runstate="Runnable" seed="1978912041" result="Passed" start-time="2026-07-14 02:06:55Z" end-time="2026-07-14 02:06:55Z" duration="0.000207" asserts="0">
                <properties>
                  <property name="retryIteration" value="0" />
                  <property name="repeatIteration" value="0" />
                </properties>
              </test-case>
              <test-case id="1013" name="DamageFormula_BurnAttacker_Plus1" fullname="Starfall.Tests.EditMode.AttackAndAITests.DamageFormula_BurnAttacker_Plus1" methodname="DamageFormula_BurnAttacker_Plus1" classname="Starfall.Tests.EditMode.AttackAndAITests" runstate="Runnable" seed="660570588" result="Passed" start-time="2026-07-14 02:06:55Z" end-time="2026-07-14 02:06:55Z" duration="0.000355" asserts="0">
                <properties>
                  <property name="retryIteration" value="0" />
                  <property name="repeatIteration" value="0" />
                </properties>
              </test-case>
              <test-case id="1012" name="DamageFormula_DifferentPhase_1_5x" fullname="Starfall.Tests.EditMode.AttackAndAITests.DamageFormula_DifferentPhase_1_5x" methodname="DamageFormula_DifferentPhase_1_5x" classname="Starfall.Tests.EditMode.AttackAndAITests" runstate="Runnable" seed="551368195" result="Passed" start-time="2026-07-14 02:06:55Z" end-time="2026-07-14 02:06:55Z" duration="0.000144" asserts="0">
                <properties>
                  <property name="retryIteration" value="0" />
                  <property name="repeatIteration" value="0" />
                </properties>
              </test-case>
              <test-case id="1011" name="DamageFormula_SamePhase_1x" fullname="Starfall.Tests.EditMode.AttackAndAITests.DamageFormula_SamePhase_1x" methodname="DamageFormula_SamePhase_1x" classname="Starfall.Tests.EditMode.AttackAndAITests" runstate="Runnable" seed="506111686" result="Passed" start-time="2026-07-14 02:06:55Z" end-time="2026-07-14 02:06:55Z" duration="0.000126" asserts="0">
                <properties>
                  <property name="retryIteration" value="0" />
                  <property name="repeatIteration" value="0" />
                </properties>
              </test-case>
              <test-case id="1016" name="ImprovedEnemyAI_AttacksAdjacent" fullname="Starfall.Tests.EditMode.AttackAndAITests.ImprovedEnemyAI_AttacksAdjacent" methodname="ImprovedEnemyAI_AttacksAdjacent" classname="Starfall.Tests.EditMode.AttackAndAITests" runstate="Runnable" seed="1609728730" result="Passed" start-time="2026-07-14 02:06:55Z" end-time="2026-07-14 02:06:55Z" duration="0.004302" asserts="0">
                <properties>
                  <property name="retryIteration" value="0" />
                  <property name="repeatIteration" value="0" />
                </properties>
              </test-case>
              <test-case id="1018" name="ImprovedEnemyAI_EndsWithEndTurn" fullname="Starfall.Tests.EditMode.AttackAndAITests.ImprovedEnemyAI_EndsWithEndTurn" methodname="ImprovedEnemyAI_EndsWithEndTurn" classname="Starfall.Tests.EditMode.AttackAndAITests" runstate="Runnable" seed="2018419686" result="Passed" start-time="2026-07-14 02:06:55Z" end-time="2026-07-14 02:06:55Z" duration="0.000162" asserts="0">
                <properties>
                  <property name="retryIteration" value="0" />
                  <property name="repeatIteration" value="0" />
                </properties>
              </test-case>
              <test-case id="1017" name="ImprovedEnemyAI_MovesWhenNotAdjacent" fullname="Starfall.Tests.EditMode.AttackAndAITests.ImprovedEnemyAI_MovesWhenNotAdjacent" methodname="ImprovedEnemyAI_MovesWhenNotAdjacent" classname="Starfall.Tests.EditMode.AttackAndAITests" runstate="Runnable" seed="818637983" result="Passed" start-time="2026-07-14 02:06:55Z" end-time="2026-07-14 02:06:55Z" duration="0.004034" asserts="0">
                <properties>
                  <property name="retryIteration" value="0" />
                  <property name="repeatIteration" value="0" />
                </properties>
              </test-case>
            </test-suite>
            <test-suite type="TestFixture" id="1019" name="BattleRunnerTests" fullname="Starfall.Tests.EditMode.BattleRunnerTests" classname="Starfall.Tests.EditMode.BattleRunnerTests" runstate="Runnable" testcasecount="9" result="Passed" start-time="2026-07-14 02:06:55Z" end-time="2026-07-14 02:06:55Z" duration="0.007318" total="9" passed="9" failed="0" inconclusive="0" skipped="0" asserts="0">
              <properties />
              <test-case id="1025" name="BattleRunner_EndTurn_SwitchesPlayerAndRunsEnemyAI" fullname="Starfall.Tests.EditMode.BattleRunnerTests.BattleRunner_EndTurn_SwitchesPlayerAndRunsEnemyAI" methodname="BattleRunner_EndTurn_SwitchesPlayerAndRunsEnemyAI" classname="Starfall.Tests.EditMode.BattleRunnerTests" runstate="Runnable" seed="106303118" result="Passed" start-time="2026-07-14 02:06:55Z" end-time="2026-07-14 02:06:55Z" duration="0.003544" asserts="0">
                <properties>
                  <property name="retryIteration" value="0" />
                  <property name="repeatIteration" value="0" />
                </properties>
              </test-case>
              <test-case id="1028" name="BattleRunner_EventSink_ClearWorks" fullname="Starfall.Tests.EditMode.BattleRunnerTests.BattleRunner_EventSink_ClearWorks" methodname="BattleRunner_EventSink_ClearWorks" classname="Starfall.Tests.EditMode.BattleRunnerTests" runstate="Runnable" seed="994433038" result="Passed" start-time="2026-07-14 02:06:55Z" end-time="2026-07-14 02:06:55Z" duration="0.000371" asserts="0">
                <properties>
                  <property name="retryIteration" value="0" />
                  <property name="repeatIteration" value="0" />
                </properties>
              </test-case>
              <test-case id="1026" name="BattleRunner_OutcomeSetAfterPlayerWins" fullname="Starfall.Tests.EditMode.BattleRunnerTests.BattleRunner_OutcomeSetAfterPlayerWins" methodname="BattleRunner_OutcomeSetAfterPlayerWins" classname="Starfall.Tests.EditMode.BattleRunnerTests" runstate="Runnable" seed="196898587" result="Passed" start-time="2026-07-14 02:06:55Z" end-time="2026-07-14 02:06:55Z" duration="0.000153" asserts="0">
                <properties>
                  <property name="retryIteration" value="0" />
                  <property name="repeatIteration" value="0" />
                </properties>
              </test-case>
              <test-case id="1027" name="BattleRunner_RejectSubmitAfterOutcome" fullname="Starfall.Tests.EditMode.BattleRunnerTests.BattleRunner_RejectSubmitAfterOutcome" methodname="BattleRunner_RejectSubmitAfterOutcome" classname="Starfall.Tests.EditMode.BattleRunnerTests" runstate="Runnable" seed="1682779281" result="Passed" start-time="2026-07-14 02:06:55Z" end-time="2026-07-14 02:06:55Z" duration="0.000327" asserts="0">
                <properties>
                  <property name="retryIteration" value="0" />
                  <property name="repeatIteration" value="0" />
                </properties>
              </test-case>
              <test-case id="1024" name="BattleRunner_SubmitMove_AppliesAndEmitsEvent" fullname="Starfall.Tests.EditMode.BattleRunnerTests.BattleRunner_SubmitMove_AppliesAndEmitsEvent" methodname="BattleRunner_SubmitMove_AppliesAndEmitsEvent" classname="Starfall.Tests.EditMode.BattleRunnerTests" runstate="Runnable" seed="606074423" result="Passed" start-time="2026-07-14 02:06:55Z" end-time="2026-07-14 02:06:55Z" duration="0.000989" asserts="0">
                <properties>
                  <property name="retryIteration" value="0" />
                  <property name="repeatIteration" value="0" />
                </properties>
              </test-case>
              <test-case id="1022" name="WinCondition_Draw_WhenBothDead" fullname="Starfall.Tests.EditMode.BattleRunnerTests.WinCondition_Draw_WhenBothDead" methodname="WinCondition_Draw_WhenBothDead" classname="Starfall.Tests.EditMode.BattleRunnerTests" runstate="Runnable" seed="810349049" result="Passed" start-time="2026-07-14 02:06:55Z" end-time="2026-07-14 02:06:55Z" duration="0.000163" asserts="0">
                <properties>
                  <property name="retryIteration" value="0" />
                  <property name="repeatIteration" value="0" />
                </properties>
              </test-case>
              <test-case id="1021" name="WinCondition_EnemyWins_WhenPlayerDead" fullname="Starfall.Tests.EditMode.BattleRunnerTests.WinCondition_EnemyWins_WhenPlayerDead" methodname="WinCondition_EnemyWins_WhenPlayerDead" classname="Starfall.Tests.EditMode.BattleRunnerTests" runstate="Runnable" seed="2079234240" result="Passed" start-time="2026-07-14 02:06:55Z" end-time="2026-07-14 02:06:55Z" duration="0.000126" asserts="0">
                <properties>
                  <property name="retryIteration" value="0" />
                  <property name="repeatIteration" value="0" />
                </properties>
              </test-case>
              <test-case id="1023" name="WinCondition_Ongoing_WhenBothAlive" fullname="Starfall.Tests.EditMode.BattleRunnerTests.WinCondition_Ongoing_WhenBothAlive" methodname="WinCondition_Ongoing_WhenBothAlive" classname="Starfall.Tests.EditMode.BattleRunnerTests" runstate="Runnable" seed="1186953334" result="Passed" start-time="2026-07-14 02:06:55Z" end-time="2026-07-14 02:06:55Z" duration="0.000107" asserts="0">
                <properties>
                  <property name="retryIteration" value="0" />
                  <property name="repeatIteration" value="0" />
                </properties>
              </test-case>
              <test-case id="1020" name="WinCondition_PlayerWins_WhenEnemyDead" fullname="Starfall.Tests.EditMode.BattleRunnerTests.WinCondition_PlayerWins_WhenEnemyDead" methodname="WinCondition_PlayerWins_WhenEnemyDead" classname="Starfall.Tests.EditMode.BattleRunnerTests" runstate="Runnable" seed="621604378" result="Passed" start-time="2026-07-14 02:06:55Z" end-time="2026-07-14 02:06:55Z" duration="0.000123" asserts="0">
                <properties>
                  <property name="retryIteration" value="0" />
                  <property name="repeatIteration" value="0" />
                </properties>
              </test-case>
            </test-suite>
            <test-suite type="TestFixture" id="1029" name="BattleSetupTests" fullname="Starfall.Tests.EditMode.BattleSetupTests" classname="Starfall.Tests.EditMode.BattleSetupTests" runstate="Runnable" testcasecount="4" result="Passed" start-time="2026-07-14 02:06:55Z" end-time="2026-07-14 02:06:55Z" duration="0.086845" total="4" passed="4" failed="0" inconclusive="0" skipped="0" asserts="0">
              <properties />
              <test-case id="1030" name="BattleDefaultJson_PathString_ContainsExpected" fullname="Starfall.Tests.EditMode.BattleSetupTests.BattleDefaultJson_PathString_ContainsExpected" methodname="BattleDefaultJson_PathString_ContainsExpected" classname="Starfall.Tests.EditMode.BattleSetupTests" runstate="Runnable" seed="580504663" result="Passed" start-time="2026-07-14 02:06:55Z" end-time="2026-07-14 02:06:55Z" duration="0.000145" asserts="0">
                <properties>
                  <property name="retryIteration" value="0" />
                  <property name="repeatIteration" value="0" />
                </properties>
              </test-case>
              <test-case id="1031" name="BuildStateFromJson_8x10_MatchSpec" fullname="Starfall.Tests.EditMode.BattleSetupTests.BuildStateFromJson_8x10_MatchSpec" methodname="BuildStateFromJson_8x10_MatchSpec" classname="Starfall.Tests.EditMode.BattleSetupTests" runstate="Runnable" seed="1052131065" result="Passed" start-time="2026-07-14 02:06:55Z" end-time="2026-07-14 02:06:55Z" duration="0.080685" asserts="0">
                <properties>
                  <property name="retryIteration" value="0" />
                  <property name="repeatIteration" value="0" />
                </properties>
              </test-case>
              <test-case id="1033" name="Validator_8x10WithObjective_Accepted" fullname="Starfall.Tests.EditMode.BattleSetupTests.Validator_8x10WithObjective_Accepted" methodname="Validator_8x10WithObjective_Accepted" classname="Starfall.Tests.EditMode.BattleSetupTests" runstate="Runnable" seed="346032892" result="Passed" start-time="2026-07-14 02:06:55Z" end-time="2026-07-14 02:06:55Z" duration="0.002926" asserts="0">
                <properties>
                  <property name="retryIteration" value="0" />
                  <property name="repeatIteration" value="0" />
                </properties>
              </test-case>
              <test-case id="1032" name="Validator_Rejects8x10_OutOfBoundsUnits" fullname="Starfall.Tests.EditMode.BattleSetupTests.Validator_Rejects8x10_OutOfBoundsUnits" methodname="Validator_Rejects8x10_OutOfBoundsUnits" classname="Starfall.Tests.EditMode.BattleSetupTests" runstate="Runnable" seed="978269490" result="Passed" start-time="2026-07-14 02:06:55Z" end-time="2026-07-14 02:06:55Z" duration="0.002209" asserts="0">
                <properties>
                  <property name="retryIteration" value="0" />
                  <property name="repeatIteration" value="0" />
                </properties>
              </test-case>
            </test-suite>
            <test-suite type="TestFixture" id="1034" name="CommandAndPathfinderTests" fullname="Starfall.Tests.EditMode.CommandAndPathfinderTests" classname="Starfall.Tests.EditMode.CommandAndPathfinderTests" runstate="Runnable" testcasecount="10" result="Passed" start-time="2026-07-14 02:06:55Z" end-time="2026-07-14 02:06:55Z" duration="0.006362" total="10" passed="10" failed="0" inconclusive="0" skipped="0" asserts="0">
              <properties />
              <test-case id="1036" name="BFSPathfinder_AvoidsBlockedTile" fullname="Starfall.Tests.EditMode.CommandAndPathfinderTests.BFSPathfinder_AvoidsBlockedTile" methodname="BFSPathfinder_AvoidsBlockedTile" classname="Starfall.Tests.EditMode.CommandAndPathfinderTests" runstate="Runnable" seed="485670739" result="Passed" start-time="2026-07-14 02:06:55Z" end-time="2026-07-14 02:06:55Z" duration="0.000827" asserts="0">
                <properties>
                  <property name="retryIteration" value="0" />
                  <property name="repeatIteration" value="0" />
                </properties>
              </test-case>
              <test-case id="1038" name="BFSPathfinder_Deterministic_SameStartEnd" fullname="Starfall.Tests.EditMode.CommandAndPathfinderTests.BFSPathfinder_Deterministic_SameStartEnd" methodname="BFSPathfinder_Deterministic_SameStartEnd" classname="Starfall.Tests.EditMode.CommandAndPathfinderTests" runstate="Runnable" seed="205967256" result="Passed" start-time="2026-07-14 02:06:55Z" end-time="2026-07-14 02:06:55Z" duration="0.000637" asserts="0">
                <properties>
                  <property name="retryIteration" value="0" />
                  <property name="repeatIteration" value="0" />
                </properties>
              </test-case>
              <test-case id="1039" name="BFSPathfinder_NeighborOrder_NorthEastSouthWest" fullname="Starfall.Tests.EditMode.CommandAndPathfinderTests.BFSPathfinder_NeighborOrder_NorthEastSouthWest" methodname="BFSPathfinder_NeighborOrder_NorthEastSouthWest" classname="Starfall.Tests.EditMode.CommandAndPathfinderTests" runstate="Runnable" seed="2116502961" result="Passed" start-time="2026-07-14 02:06:55Z" end-time="2026-07-14 02:06:55Z" duration="0.000385" asserts="0">
                <properties>
                  <property name="retryIteration" value="0" />
                  <property name="repeatIteration" value="0" />
                </properties>
              </test-case>
              <test-case id="1035" name="BFSPathfinder_StraightPath" fullname="Starfall.Tests.EditMode.CommandAndPathfinderTests.BFSPathfinder_StraightPath" methodname="BFSPathfinder_StraightPath" classname="Starfall.Tests.EditMode.CommandAndPathfinderTests" runstate="Runnable" seed="2087860357" result="Passed" start-time="2026-07-14 02:06:55Z" end-time="2026-07-14 02:06:55Z" duration="0.000268" asserts="0">
                <properties>
                  <property name="retryIteration" value="0" />
                  <property name="repeatIteration" value="0" />
                </properties>
              </test-case>
              <test-case id="1037" name="BFSPathfinder_UnreachableReturnsNull" fullname="Starfall.Tests.EditMode.CommandAndPathfinderTests.BFSPathfinder_UnreachableReturnsNull" methodname="BFSPathfinder_UnreachableReturnsNull" classname="Starfall.Tests.EditMode.CommandAndPathfinderTests" runstate="Runnable" seed="912490604" result="Passed" start-time="2026-07-14 02:06:55Z" end-time="2026-07-14 02:06:55Z" duration="0.000270" asserts="0">
                <properties>
                  <property name="retryIteration" value="0" />
                  <property name="repeatIteration" value="0" />
                </properties>
              </test-case>
              <test-case id="1044" name="EndTurnCommand_IllegalOnPlayerMismatch" fullname="Starfall.Tests.EditMode.CommandAndPathfinderTests.EndTurnCommand_IllegalOnPlayerMismatch" methodname="EndTurnCommand_IllegalOnPlayerMismatch" classname="Starfall.Tests.EditMode.CommandAndPathfinderTests" runstate="Runnable" seed="331014463" result="Passed" start-time="2026-07-14 02:06:55Z" end-time="2026-07-14 02:06:55Z" duration="0.000343" asserts="0">
                <properties>
                  <property name="retryIteration" value="0" />
                  <property name="repeatIteration" value="0" />
                </properties>
              </test-case>
              <test-case id="1043" name="EndTurnCommand_SwitchesActivePlayer" fullname="Starfall.Tests.EditMode.CommandAndPathfinderTests.EndTurnCommand_SwitchesActivePlayer" methodname="EndTurnCommand_SwitchesActivePlayer" classname="Starfall.Tests.EditMode.CommandAndPathfinderTests" runstate="Runnable" seed="309080879" result="Passed" start-time="2026-07-14 02:06:55Z" end-time="2026-07-14 02:06:55Z" duration="0.000303" asserts="0">
                <properties>
                  <property name="retryIteration" value="0" />
                  <property name="repeatIteration" value="0" />
                </properties>
              </test-case>
              <test-case id="1040" name="MoveCommand_AppliesSuccessfully" fullname="Starfall.Tests.EditMode.CommandAndPathfinderTests.MoveCommand_AppliesSuccessfully" methodname="MoveCommand_AppliesSuccessfully" classname="Starfall.Tests.EditMode.CommandAndPathfinderTests" runstate="Runnable" seed="1649021382" result="Passed" start-time="2026-07-14 02:06:55Z" end-time="2026-07-14 02:06:55Z" duration="0.000353" asserts="0">
                <properties>
                  <property name="retryIteration" value="0" />
                  <property name="repeatIteration" value="0" />
                </properties>
              </test-case>
              <test-case id="1041" name="MoveCommand_IllegalOnBlockedTarget" fullname="Starfall.Tests.EditMode.CommandAndPathfinderTests.MoveCommand_IllegalOnBlockedTarget" methodname="MoveCommand_IllegalOnBlockedTarget" classname="Starfall.Tests.EditMode.CommandAndPathfinderTests" runstate="Runnable" seed="1409078933" result="Passed" start-time="2026-07-14 02:06:55Z" end-time="2026-07-14 02:06:55Z" duration="0.000559" asserts="0">
                <properties>
                  <property name="retryIteration" value="0" />
                  <property name="repeatIteration" value="0" />
                </properties>
              </test-case>
              <test-case id="1042" name="MoveCommand_IllegalWhenUnitPositionMismatch" fullname="Starfall.Tests.EditMode.CommandAndPathfinderTests.MoveCommand_IllegalWhenUnitPositionMismatch" methodname="MoveCommand_IllegalWhenUnitPositionMismatch" classname="Starfall.Tests.EditMode.CommandAndPathfinderTests" runstate="Runnable" seed="1322077402" result="Passed" start-time="2026-07-14 02:06:55Z" end-time="2026-07-14 02:06:55Z" duration="0.000367" asserts="0">
                <properties>
                  <property name="retryIteration" value="0" />
                  <property name="repeatIteration" value="0" />
                </properties>
              </test-case>
            </test-suite>
            <test-suite type="TestFixture" id="1128" name="CommandBuilderTests" fullname="Starfall.Tests.EditMode.CommandBuilderTests" classname="Starfall.Tests.EditMode.CommandBuilderTests" runstate="Runnable" testcasecount="5" result="Passed" start-time="2026-07-14 02:06:55Z" end-time="2026-07-14 02:06:55Z" duration="0.005482" total="5" passed="5" failed="0" inconclusive="0" skipped="0" asserts="0">
              <properties />
              <test-case id="1130" name="AttackPlan_Builds_AttackCommand_WithDamage3" fullname="Starfall.Tests.EditMode.CommandBuilderTests.AttackPlan_Builds_AttackCommand_WithDamage3" methodname="AttackPlan_Builds_AttackCommand_WithDamage3" classname="Starfall.Tests.EditMode.CommandBuilderTests" runstate="Runnable" seed="1481068907" result="Passed" start-time="2026-07-14 02:06:55Z" end-time="2026-07-14 02:06:55Z" duration="0.002059" asserts="0">
                <properties>
                  <property name="retryIteration" value="0" />
                  <property name="repeatIteration" value="0" />
                </properties>
              </test-case>
              <test-case id="1133" name="BuildAll_ReturnsSameCountAsPlans" fullname="Starfall.Tests.EditMode.CommandBuilderTests.BuildAll_ReturnsSameCountAsPlans" methodname="BuildAll_ReturnsSameCountAsPlans" classname="Starfall.Tests.EditMode.CommandBuilderTests" runstate="Runnable" seed="991344598" result="Passed" start-time="2026-07-14 02:06:55Z" end-time="2026-07-14 02:06:55Z" duration="0.001072" asserts="0">
                <properties>
                  <property name="retryIteration" value="0" />
                  <property name="repeatIteration" value="0" />
                </properties>
              </test-case>
              <test-case id="1132" name="DecreeHoldPlan_Builds_ApplyDecreeCommand" fullname="Starfall.Tests.EditMode.CommandBuilderTests.DecreeHoldPlan_Builds_ApplyDecreeCommand" methodname="DecreeHoldPlan_Builds_ApplyDecreeCommand" classname="Starfall.Tests.EditMode.CommandBuilderTests" runstate="Runnable" seed="1009665002" result="Passed" start-time="2026-07-14 02:06:55Z" end-time="2026-07-14 02:06:55Z" duration="0.000497" asserts="0">
                <properties>
                  <property name="retryIteration" value="0" />
                  <property name="repeatIteration" value="0" />
                </properties>
              </test-case>
              <test-case id="1129" name="MovePlan_Builds_MoveCommand_WithMonotonicId" fullname="Starfall.Tests.EditMode.CommandBuilderTests.MovePlan_Builds_MoveCommand_WithMonotonicId" methodname="MovePlan_Builds_MoveCommand_WithMonotonicId" classname="Starfall.Tests.EditMode.CommandBuilderTests" runstate="Runnable" seed="173192612" result="Passed" start-time="2026-07-14 02:06:55Z" end-time="2026-07-14 02:06:55Z" duration="0.000269" asserts="0">
                <properties>
                  <property name="retryIteration" value="0" />
                  <property name="repeatIteration" value="0" />
                </properties>
              </test-case>
              <test-case id="1131" name="PhaseFlipPlan_Builds_ApplyStatusCommand_PhaseInvert" fullname="Starfall.Tests.EditMode.CommandBuilderTests.PhaseFlipPlan_Builds_ApplyStatusCommand_PhaseInvert" methodname="PhaseFlipPlan_Builds_ApplyStatusCommand_PhaseInvert" classname="Starfall.Tests.EditMode.CommandBuilderTests" runstate="Runnable" seed="1218961303" result="Passed" start-time="2026-07-14 02:06:55Z" end-time="2026-07-14 02:06:55Z" duration="0.000211" asserts="0">
                <properties>
                  <property name="retryIteration" value="0" />
                  <property name="repeatIteration" value="0" />
                </properties>
              </test-case>
            </test-suite>
            <test-suite type="TestFixture" id="1045" name="CoreDependencyGuardTests" fullname="Starfall.Tests.EditMode.CoreDependencyGuardTests" classname="Starfall.Tests.EditMode.CoreDependencyGuardTests" runstate="Runnable" testcasecount="4" result="Passed" start-time="2026-07-14 02:06:55Z" end-time="2026-07-14 02:06:55Z" duration="0.004058" total="4" passed="4" failed="0" inconclusive="0" skipped="0" asserts="0">
              <properties />
              <test-case id="1046" name="Core_Asmdef_DoesNotReferenceUnity" fullname="Starfall.Tests.EditMode.CoreDependencyGuardTests.Core_Asmdef_DoesNotReferenceUnity" methodname="Core_Asmdef_DoesNotReferenceUnity" classname="Starfall.Tests.EditMode.CoreDependencyGuardTests" runstate="Runnable" seed="122094485" result="Passed" start-time="2026-07-14 02:06:55Z" end-time="2026-07-14 02:06:55Z" duration="0.000470" asserts="0">
                <properties>
                  <property name="retryIteration" value="0" />
                  <property name="repeatIteration" value="0" />
                </properties>
              </test-case>
              <test-case id="1048" name="Core_NoMonoBehaviourSubclasses" fullname="Starfall.Tests.EditMode.CoreDependencyGuardTests.Core_NoMonoBehaviourSubclasses" methodname="Core_NoMonoBehaviourSubclasses" classname="Starfall.Tests.EditMode.CoreDependencyGuardTests" runstate="Runnable" seed="655008763" result="Passed" start-time="2026-07-14 02:06:55Z" end-time="2026-07-14 02:06:55Z" duration="0.001371" asserts="0">
                <properties>
                  <property name="retryIteration" value="0" />
                  <property name="repeatIteration" value="0" />
                </properties>
              </test-case>
              <test-case id="1049" name="Core_NoScriptableObjectSubclasses" fullname="Starfall.Tests.EditMode.CoreDependencyGuardTests.Core_NoScriptableObjectSubclasses" methodname="Core_NoScriptableObjectSubclasses" classname="Starfall.Tests.EditMode.CoreDependencyGuardTests" runstate="Runnable" seed="1473832254" result="Passed" start-time="2026-07-14 02:06:55Z" end-time="2026-07-14 02:06:55Z" duration="0.000752" asserts="0">
                <properties>
                  <property name="retryIteration" value="0" />
                  <property name="repeatIteration" value="0" />
                </properties>
              </test-case>
              <test-case id="1047" name="Core_NoUnityAssemblyRefs" fullname="Starfall.Tests.EditMode.CoreDependencyGuardTests.Core_NoUnityAssemblyRefs" methodname="Core_NoUnityAssemblyRefs" classname="Starfall.Tests.EditMode.CoreDependencyGuardTests" runstate="Runnable" seed="828280648" result="Passed" start-time="2026-07-14 02:06:55Z" end-time="2026-07-14 02:06:55Z" duration="0.000680" asserts="0">
                <properties>
                  <property name="retryIteration" value="0" />
                  <property name="repeatIteration" value="0" />
                </properties>
              </test-case>
            </test-suite>
            <test-suite type="TestFixture" id="1050" name="DataLoadingTests" fullname="Starfall.Tests.EditMode.DataLoadingTests" classname="Starfall.Tests.EditMode.DataLoadingTests" runstate="Runnable" testcasecount="7" result="Passed" start-time="2026-07-14 02:06:55Z" end-time="2026-07-14 02:06:55Z" duration="0.009922" total="7" passed="7" failed="0" inconclusive="0" skipped="0" asserts="0">
              <properties />
              <test-case id="1056" name="BattleStateBuilder_BuildsMatch" fullname="Starfall.Tests.EditMode.DataLoadingTests.BattleStateBuilder_BuildsMatch" methodname="BattleStateBuilder_BuildsMatch" classname="Starfall.Tests.EditMode.DataLoadingTests" runstate="Runnable" seed="1058044310" result="Passed" start-time="2026-07-14 02:06:55Z" end-time="2026-07-14 02:06:55Z" duration="0.001532" asserts="0">
                <properties>
                  <property name="retryIteration" value="0" />
                  <property name="repeatIteration" value="0" />
                </properties>
              </test-case>
              <test-case id="1057" name="BattleStateBuilder_HashDeterministic" fullname="Starfall.Tests.EditMode.DataLoadingTests.BattleStateBuilder_HashDeterministic" methodname="BattleStateBuilder_HashDeterministic" classname="Starfall.Tests.EditMode.DataLoadingTests" runstate="Runnable" seed="164997975" result="Passed" start-time="2026-07-14 02:06:55Z" end-time="2026-07-14 02:06:55Z" duration="0.002670" asserts="0">
                <properties>
                  <property name="retryIteration" value="0" />
                  <property name="repeatIteration" value="0" />
                </properties>
              </test-case>
              <test-case id="1051" name="JsonBattleLoader_LoadValid" fullname="Starfall.Tests.EditMode.DataLoadingTests.JsonBattleLoader_LoadValid" methodname="JsonBattleLoader_LoadValid" classname="Starfall.Tests.EditMode.DataLoadingTests" runstate="Runnable" seed="1304771038" result="Passed" start-time="2026-07-14 02:06:55Z" end-time="2026-07-14 02:06:55Z" duration="0.001244" asserts="0">
                <properties>
                  <property name="retryIteration" value="0" />
                  <property name="repeatIteration" value="0" />
                </properties>
              </test-case>
              <test-case id="1052" name="Validator_AcceptsValid" fullname="Starfall.Tests.EditMode.DataLoadingTests.Validator_AcceptsValid" methodname="Validator_AcceptsValid" classname="Starfall.Tests.EditMode.DataLoadingTests" runstate="Runnable" seed="549566426" result="Passed" start-time="2026-07-14 02:06:55Z" end-time="2026-07-14 02:06:55Z" duration="0.000978" asserts="0">
                <properties>
                  <property name="retryIteration" value="0" />
                  <property name="repeatIteration" value="0" />
                </properties>
              </test-case>
              <test-case id="1054" name="Validator_RejectsDuplicateUnitId" fullname="Starfall.Tests.EditMode.DataLoadingTests.Validator_RejectsDuplicateUnitId" methodname="Validator_RejectsDuplicateUnitId" classname="Starfall.Tests.EditMode.DataLoadingTests" runstate="Runnable" seed="1566897920" result="Passed" start-time="2026-07-14 02:06:55Z" end-time="2026-07-14 02:06:55Z" duration="0.001097" asserts="0">
                <properties>
                  <property name="retryIteration" value="0" />
                  <property name="repeatIteration" value="0" />
                </properties>
              </test-case>
              <test-case id="1053" name="Validator_RejectsNegativeTurn" fullname="Starfall.Tests.EditMode.DataLoadingTests.Validator_RejectsNegativeTurn" methodname="Validator_RejectsNegativeTurn" classname="Starfall.Tests.EditMode.DataLoadingTests" runstate="Runnable" seed="1182718177" result="Passed" start-time="2026-07-14 02:06:55Z" end-time="2026-07-14 02:06:55Z" duration="0.000234" asserts="0">
                <properties>
                  <property name="retryIteration" value="0" />
                  <property name="repeatIteration" value="0" />
                </properties>
              </test-case>
              <test-case id="1055" name="Validator_RejectsOutOfBounds" fullname="Starfall.Tests.EditMode.DataLoadingTests.Validator_RejectsOutOfBounds" methodname="Validator_RejectsOutOfBounds" classname="Starfall.Tests.EditMode.DataLoadingTests" runstate="Runnable" seed="382320524" result="Passed" start-time="2026-07-14 02:06:55Z" end-time="2026-07-14 02:06:55Z" duration="0.000956" asserts="0">
                <properties>
                  <property name="retryIteration" value="0" />
                  <property name="repeatIteration" value="0" />
                </properties>
              </test-case>
            </test-suite>
            <test-suite type="TestFixture" id="1058" name="FoundationStateTests" fullname="Starfall.Tests.EditMode.FoundationStateTests" classname="Starfall.Tests.EditMode.FoundationStateTests" runstate="Runnable" testcasecount="12" result="Passed" start-time="2026-07-14 02:06:55Z" end-time="2026-07-14 02:06:55Z" duration="0.007361" total="12" passed="12" failed="0" inconclusive="0" skipped="0" asserts="0">
              <properties />
              <test-case id="1063" name="BattleState_DifferentActivePlayer_DifferentHash" fullname="Starfall.Tests.EditMode.FoundationStateTests.BattleState_DifferentActivePlayer_DifferentHash" methodname="BattleState_DifferentActivePlayer_DifferentHash" classname="Starfall.Tests.EditMode.FoundationStateTests" runstate="Runnable" seed="2102883158" result="Passed" start-time="2026-07-14 02:06:55Z" end-time="2026-07-14 02:06:55Z" duration="0.000313" asserts="0">
                <properties>
                  <property name="retryIteration" value="0" />
                  <property name="repeatIteration" value="0" />
                </properties>
              </test-case>
              <test-case id="1062" name="BattleState_DifferentTurnNumber_DifferentHash" fullname="Starfall.Tests.EditMode.FoundationStateTests.BattleState_DifferentTurnNumber_DifferentHash" methodname="BattleState_DifferentTurnNumber_DifferentHash" classname="Starfall.Tests.EditMode.FoundationStateTests" runstate="Runnable" seed="1229372258" result="Passed" start-time="2026-07-14 02:06:55Z" end-time="2026-07-14 02:06:55Z" duration="0.000161" asserts="0">
                <properties>
                  <property name="retryIteration" value="0" />
                  <property name="repeatIteration" value="0" />
                </properties>
              </test-case>
              <test-case id="1061" name="BattleState_Empty_HashIsDeterministic" fullname="Starfall.Tests.EditMode.FoundationStateTests.BattleState_Empty_HashIsDeterministic" methodname="BattleState_Empty_HashIsDeterministic" classname="Starfall.Tests.EditMode.FoundationStateTests" runstate="Runnable" seed="494300603" result="Passed" start-time="2026-07-14 02:06:55Z" end-time="2026-07-14 02:06:55Z" duration="0.000146" asserts="0">
                <properties>
                  <property name="retryIteration" value="0" />
                  <property name="repeatIteration" value="0" />
                </properties>
              </test-case>
              <test-case id="1065" name="BattleState_TilesReordered_SameHash" fullname="Starfall.Tests.EditMode.FoundationStateTests.BattleState_TilesReordered_SameHash" methodname="BattleState_TilesReordered_SameHash" classname="Starfall.Tests.EditMode.FoundationStateTests" runstate="Runnable" seed="784120641" result="Passed" start-time="2026-07-14 02:06:55Z" end-time="2026-07-14 02:06:55Z" duration="0.000416" asserts="0">
                <properties>
                  <property name="retryIteration" value="0" />
                  <property name="repeatIteration" value="0" />
                </properties>
              </test-case>
              <test-case id="1064" name="BattleState_UnitsReordered_SameHash" fullname="Starfall.Tests.EditMode.FoundationStateTests.BattleState_UnitsReordered_SameHash" methodname="BattleState_UnitsReordered_SameHash" classname="Starfall.Tests.EditMode.FoundationStateTests" runstate="Runnable" seed="1415345579" result="Passed" start-time="2026-07-14 02:06:55Z" end-time="2026-07-14 02:06:55Z" duration="0.000248" asserts="0">
                <properties>
                  <property name="retryIteration" value="0" />
                  <property name="repeatIteration" value="0" />
                </properties>
              </test-case>
              <test-case id="1066" name="Cloner_DeepCopy_IndependentOfSource" fullname="Starfall.Tests.EditMode.FoundationStateTests.Cloner_DeepCopy_IndependentOfSource" methodname="Cloner_DeepCopy_IndependentOfSource" classname="Starfall.Tests.EditMode.FoundationStateTests" runstate="Runnable" seed="913725639" result="Passed" start-time="2026-07-14 02:06:55Z" end-time="2026-07-14 02:06:55Z" duration="0.001984" asserts="0">
                <properties>
                  <property name="retryIteration" value="0" />
                  <property name="repeatIteration" value="0" />
                </properties>
              </test-case>
              <test-case id="1067" name="Cloner_DoesNotShareUnitReferences" fullname="Starfall.Tests.EditMode.FoundationStateTests.Cloner_DoesNotShareUnitReferences" methodname="Cloner_DoesNotShareUnitReferences" classname="Starfall.Tests.EditMode.FoundationStateTests" runstate="Runnable" seed="243126209" result="Passed" start-time="2026-07-14 02:06:55Z" end-time="2026-07-14 02:06:55Z" duration="0.000274" asserts="0">
                <properties>
                  <property name="retryIteration" value="0" />
                  <property name="repeatIteration" value="0" />
                </properties>
              </test-case>
              <test-case id="1069" name="Comparer_Equals_FalseForDifferentTurn" fullname="Starfall.Tests.EditMode.FoundationStateTests.Comparer_Equals_FalseForDifferentTurn" methodname="Comparer_Equals_FalseForDifferentTurn" classname="Starfall.Tests.EditMode.FoundationStateTests" runstate="Runnable" seed="203996700" result="Passed" start-time="2026-07-14 02:06:55Z" end-time="2026-07-14 02:06:55Z" duration="0.001021" asserts="0">
                <properties>
                  <property name="retryIteration" value="0" />
                  <property name="repeatIteration" value="0" />
                </properties>
              </test-case>
              <test-case id="1068" name="Comparer_Equals_TrueForClones" fullname="Starfall.Tests.EditMode.FoundationStateTests.Comparer_Equals_TrueForClones" methodname="Comparer_Equals_TrueForClones" classname="Starfall.Tests.EditMode.FoundationStateTests" runstate="Runnable" seed="1260634242" result="Passed" start-time="2026-07-14 02:06:55Z" end-time="2026-07-14 02:06:55Z" duration="0.000222" asserts="0">
                <properties>
                  <property name="retryIteration" value="0" />
                  <property name="repeatIteration" value="0" />
                </properties>
              </test-case>
              <test-case id="1070" name="Comparer_NullSafety" fullname="Starfall.Tests.EditMode.FoundationStateTests.Comparer_NullSafety" methodname="Comparer_NullSafety" classname="Starfall.Tests.EditMode.FoundationStateTests" runstate="Runnable" seed="1610312018" result="Passed" start-time="2026-07-14 02:06:55Z" end-time="2026-07-14 02:06:55Z" duration="0.000134" asserts="0">
                <properties>
                  <property name="retryIteration" value="0" />
                  <property name="repeatIteration" value="0" />
                </properties>
              </test-case>
              <test-case id="1059" name="GridPos_CompareTo_OrdersByYThenX" fullname="Starfall.Tests.EditMode.FoundationStateTests.GridPos_CompareTo_OrdersByYThenX" methodname="GridPos_CompareTo_OrdersByYThenX" classname="Starfall.Tests.EditMode.FoundationStateTests" runstate="Runnable" seed="1216335352" result="Passed" start-time="2026-07-14 02:06:55Z" end-time="2026-07-14 02:06:55Z" duration="0.000532" asserts="0">
                <properties>
                  <property name="retryIteration" value="0" />
                  <property name="repeatIteration" value="0" />
                </properties>
              </test-case>
              <test-case id="1060" name="GridPos_RecordStruct_Equality" fullname="Starfall.Tests.EditMode.FoundationStateTests.GridPos_RecordStruct_Equality" methodname="GridPos_RecordStruct_Equality" classname="Starfall.Tests.EditMode.FoundationStateTests" runstate="Runnable" seed="1182248641" result="Passed" start-time="2026-07-14 02:06:55Z" end-time="2026-07-14 02:06:55Z" duration="0.000173" asserts="0">
                <properties>
                  <property name="retryIteration" value="0" />
                  <property name="repeatIteration" value="0" />
                </properties>
              </test-case>
            </test-suite>
            <test-suite type="TestFixture" id="1071" name="HudAndPreviewTests" fullname="Starfall.Tests.EditMode.HudAndPreviewTests" classname="Starfall.Tests.EditMode.HudAndPreviewTests" runstate="Runnable" testcasecount="28" result="Passed" start-time="2026-07-14 02:06:55Z" end-time="2026-07-14 02:06:55Z" duration="0.023584" total="28" passed="28" failed="0" inconclusive="0" skipped="0" asserts="0">
              <properties />
              <test-case id="1079" name="AdjacentEnemies_InvalidAttacker_ReturnsEmpty" fullname="Starfall.Tests.EditMode.HudAndPreviewTests.AdjacentEnemies_InvalidAttacker_ReturnsEmpty" methodname="AdjacentEnemies_InvalidAttacker_ReturnsEmpty" classname="Starfall.Tests.EditMode.HudAndPreviewTests" runstate="Runnable" seed="905902344" result="Passed" start-time="2026-07-14 02:06:55Z" end-time="2026-07-14 02:06:55Z" duration="0.001366" asserts="0">
                <properties>
                  <property name="retryIteration" value="0" />
                  <property name="repeatIteration" value="0" />
                </properties>
              </test-case>
              <test-case id="1099" name="AdjacentEnemies_Order_ByYX" fullname="Starfall.Tests.EditMode.HudAndPreviewTests.AdjacentEnemies_Order_ByYX" methodname="AdjacentEnemies_Order_ByYX" classname="Starfall.Tests.EditMode.HudAndPreviewTests" runstate="Runnable" seed="1491298398" result="Passed" start-time="2026-07-14 02:06:55Z" end-time="2026-07-14 02:06:55Z" duration="0.001487" asserts="0">
                <properties>
                  <property name="retryIteration" value="0" />
                  <property name="repeatIteration" value="0" />
                </properties>
              </test-case>
              <test-case id="1077" name="AdjacentEnemies_PlayerAttacker_FindsAdjacentEnemy" fullname="Starfall.Tests.EditMode.HudAndPreviewTests.AdjacentEnemies_PlayerAttacker_FindsAdjacentEnemy" methodname="AdjacentEnemies_PlayerAttacker_FindsAdjacentEnemy" classname="Starfall.Tests.EditMode.HudAndPreviewTests" runstate="Runnable" seed="1176420359" result="Passed" start-time="2026-07-14 02:06:55Z" end-time="2026-07-14 02:06:55Z" duration="0.000630" asserts="0">
                <properties>
                  <property name="retryIteration" value="0" />
                  <property name="repeatIteration" value="0" />
                </properties>
              </test-case>
              <test-case id="1078" name="AdjacentEnemies_PlayerAttacker_NoEnemy_ReturnsEmpty" fullname="Starfall.Tests.EditMode.HudAndPreviewTests.AdjacentEnemies_PlayerAttacker_NoEnemy_ReturnsEmpty" methodname="AdjacentEnemies_PlayerAttacker_NoEnemy_ReturnsEmpty" classname="Starfall.Tests.EditMode.HudAndPreviewTests" runstate="Runnable" seed="1885154950" result="Passed" start-time="2026-07-14 02:06:55Z" end-time="2026-07-14 02:06:55Z" duration="0.000190" asserts="0">
                <properties>
                  <property name="retryIteration" value="0" />
                  <property name="repeatIteration" value="0" />
                </properties>
              </test-case>
              <test-case id="1097" name="BoardSnapshot_FromState_UnitsCarryDerivedStats" fullname="Starfall.Tests.EditMode.HudAndPreviewTests.BoardSnapshot_FromState_UnitsCarryDerivedStats" methodname="BoardSnapshot_FromState_UnitsCarryDerivedStats" classname="Starfall.Tests.EditMode.HudAndPreviewTests" runstate="Runnable" seed="1401962892" result="Passed" start-time="2026-07-14 02:06:55Z" end-time="2026-07-14 02:06:55Z" duration="0.002527" asserts="0">
                <properties>
                  <property name="retryIteration" value="0" />
                  <property name="repeatIteration" value="0" />
                </properties>
              </test-case>
              <test-case id="1094" name="BoardSnapshot_FromStateWithPreview_AttackTarget_ProducesAttackTargets" fullname="Starfall.Tests.EditMode.HudAndPreviewTests.BoardSnapshot_FromStateWithPreview_AttackTarget_ProducesAttackTargets" methodname="BoardSnapshot_FromStateWithPreview_AttackTarget_ProducesAttackTargets" classname="Starfall.Tests.EditMode.HudAndPreviewTests" runstate="Runnable" seed="1523491474" result="Passed" start-time="2026-07-14 02:06:55Z" end-time="2026-07-14 02:06:55Z" duration="0.001310" asserts="0">
                <properties>
                  <property name="retryIteration" value="0" />
                  <property name="repeatIteration" value="0" />
                </properties>
              </test-case>
              <test-case id="1096" name="BoardSnapshot_FromStateWithPreview_DarkPhase_FallTargets_Filled" fullname="Starfall.Tests.EditMode.HudAndPreviewTests.BoardSnapshot_FromStateWithPreview_DarkPhase_FallTargets_Filled" methodname="BoardSnapshot_FromStateWithPreview_DarkPhase_FallTargets_Filled" classname="Starfall.Tests.EditMode.HudAndPreviewTests" runstate="Runnable" seed="2043439919" result="Passed" start-time="2026-07-14 02:06:55Z" end-time="2026-07-14 02:06:55Z" duration="0.000694" asserts="0">
                <properties>
                  <property name="retryIteration" value="0" />
                  <property name="repeatIteration" value="0" />
                </properties>
              </test-case>
              <test-case id="1093" name="BoardSnapshot_FromStateWithPreview_MoveTarget_ProducesLegalMoves" fullname="Starfall.Tests.EditMode.HudAndPreviewTests.BoardSnapshot_FromStateWithPreview_MoveTarget_ProducesLegalMoves" methodname="BoardSnapshot_FromStateWithPreview_MoveTarget_ProducesLegalMoves" classname="Starfall.Tests.EditMode.HudAndPreviewTests" runstate="Runnable" seed="2040525834" result="Passed" start-time="2026-07-14 02:06:55Z" end-time="2026-07-14 02:06:55Z" duration="0.003241" asserts="0">
                <properties>
                  <property name="retryIteration" value="0" />
                  <property name="repeatIteration" value="0" />
                </properties>
              </test-case>
              <test-case id="1095" name="BoardSnapshot_FromStateWithPreview_SelectUnitMode_EmptyPreviews" fullname="Starfall.Tests.EditMode.HudAndPreviewTests.BoardSnapshot_FromStateWithPreview_SelectUnitMode_EmptyPreviews" methodname="BoardSnapshot_FromStateWithPreview_SelectUnitMode_EmptyPreviews" classname="Starfall.Tests.EditMode.HudAndPreviewTests" runstate="Runnable" seed="650075795" result="Passed" start-time="2026-07-14 02:06:55Z" end-time="2026-07-14 02:06:55Z" duration="0.000369" asserts="0">
                <properties>
                  <property name="retryIteration" value="0" />
                  <property name="repeatIteration" value="0" />
                </properties>
              </test-case>
              <test-case id="1083" name="DamagePreview_DiffPhase_Returns1p5x" fullname="Starfall.Tests.EditMode.HudAndPreviewTests.DamagePreview_DiffPhase_Returns1p5x" methodname="DamagePreview_DiffPhase_Returns1p5x" classname="Starfall.Tests.EditMode.HudAndPreviewTests" runstate="Runnable" seed="1403991674" result="Passed" start-time="2026-07-14 02:06:55Z" end-time="2026-07-14 02:06:55Z" duration="0.000457" asserts="0">
                <properties>
                  <property name="retryIteration" value="0" />
                  <property name="repeatIteration" value="0" />
                </properties>
              </test-case>
              <test-case id="1084" name="DamagePreview_NotAdjacent_ReturnsMinus1" fullname="Starfall.Tests.EditMode.HudAndPreviewTests.DamagePreview_NotAdjacent_ReturnsMinus1" methodname="DamagePreview_NotAdjacent_ReturnsMinus1" classname="Starfall.Tests.EditMode.HudAndPreviewTests" runstate="Runnable" seed="1245885456" result="Passed" start-time="2026-07-14 02:06:55Z" end-time="2026-07-14 02:06:55Z" duration="0.000180" asserts="0">
                <properties>
                  <property name="retryIteration" value="0" />
                  <property name="repeatIteration" value="0" />
                </properties>
              </test-case>
              <test-case id="1082" name="DamagePreview_SamePhase_ReturnsBase" fullname="Starfall.Tests.EditMode.HudAndPreviewTests.DamagePreview_SamePhase_ReturnsBase" methodname="DamagePreview_SamePhase_ReturnsBase" classname="Starfall.Tests.EditMode.HudAndPreviewTests" runstate="Runnable" seed="1821904318" result="Passed" start-time="2026-07-14 02:06:55Z" end-time="2026-07-14 02:06:55Z" duration="0.000174" asserts="0">
                <properties>
                  <property name="retryIteration" value="0" />
                  <property name="repeatIteration" value="0" />
                </properties>
              </test-case>
              <test-case id="1085" name="DamagePreview_WithBurnStatus_Adds1" fullname="Starfall.Tests.EditMode.HudAndPreviewTests.DamagePreview_WithBurnStatus_Adds1" methodname="DamagePreview_WithBurnStatus_Adds1" classname="Starfall.Tests.EditMode.HudAndPreviewTests" runstate="Runnable" seed="332759482" result="Passed" start-time="2026-07-14 02:06:55Z" end-time="2026-07-14 02:06:55Z" duration="0.000212" asserts="0">
                <properties>
                  <property name="retryIteration" value="0" />
                  <property name="repeatIteration" value="0" />
                </properties>
              </test-case>
              <test-case id="1086" name="DeriveStats_ApEqualsMaxHp_CvSumsStatuses" fullname="Starfall.Tests.EditMode.HudAndPreviewTests.DeriveStats_ApEqualsMaxHp_CvSumsStatuses" methodname="DeriveStats_ApEqualsMaxHp_CvSumsStatuses" classname="Starfall.Tests.EditMode.HudAndPreviewTests" runstate="Runnable" seed="371919747" result="Passed" start-time="2026-07-14 02:06:55Z" end-time="2026-07-14 02:06:55Z" duration="0.000377" asserts="0">
                <properties>
                  <property name="retryIteration" value="0" />
                  <property name="repeatIteration" value="0" />
                </properties>
              </test-case>
              <test-case id="1087" name="DeriveStats_StatusesFromOtherUnits_AreIgnored" fullname="Starfall.Tests.EditMode.HudAndPreviewTests.DeriveStats_StatusesFromOtherUnits_AreIgnored" methodname="DeriveStats_StatusesFromOtherUnits_AreIgnored" classname="Starfall.Tests.EditMode.HudAndPreviewTests" runstate="Runnable" seed="1358872535" result="Passed" start-time="2026-07-14 02:06:55Z" end-time="2026-07-14 02:06:55Z" duration="0.000241" asserts="0">
                <properties>
                  <property name="retryIteration" value="0" />
                  <property name="repeatIteration" value="0" />
                </properties>
              </test-case>
              <test-case id="1080" name="FallTargets_DarkPhase_UnitOnHazard_IsFlagged" fullname="Starfall.Tests.EditMode.HudAndPreviewTests.FallTargets_DarkPhase_UnitOnHazard_IsFlagged" methodname="FallTargets_DarkPhase_UnitOnHazard_IsFlagged" classname="Starfall.Tests.EditMode.HudAndPreviewTests" runstate="Runnable" seed="1237787910" result="Passed" start-time="2026-07-14 02:06:55Z" end-time="2026-07-14 02:06:55Z" duration="0.000484" asserts="0">
                <properties>
                  <property name="retryIteration" value="0" />
                  <property name="repeatIteration" value="0" />
                </properties>
              </test-case>
              <test-case id="1081" name="FallTargets_LightPhase_ReturnsEmpty" fullname="Starfall.Tests.EditMode.HudAndPreviewTests.FallTargets_LightPhase_ReturnsEmpty" methodname="FallTargets_LightPhase_ReturnsEmpty" classname="Starfall.Tests.EditMode.HudAndPreviewTests" runstate="Runnable" seed="1413277074" result="Passed" start-time="2026-07-14 02:06:55Z" end-time="2026-07-14 02:06:55Z" duration="0.000231" asserts="0">
                <properties>
                  <property name="retryIteration" value="0" />
                  <property name="repeatIteration" value="0" />
                </properties>
              </test-case>
              <test-case id="1090" name="HudSnapshot_FromStateWithInput_FillsObjectiveAndAnchorCount" fullname="Starfall.Tests.EditMode.HudAndPreviewTests.HudSnapshot_FromStateWithInput_FillsObjectiveAndAnchorCount" methodname="HudSnapshot_FromStateWithInput_FillsObjectiveAndAnchorCount" classname="Starfall.Tests.EditMode.HudAndPreviewTests" runstate="Runnable" seed="1834672077" result="Passed" start-time="2026-07-14 02:06:55Z" end-time="2026-07-14 02:06:55Z" duration="0.001951" asserts="0">
                <properties>
                  <property name="retryIteration" value="0" />
                  <property name="repeatIteration" value="0" />
                </properties>
              </test-case>
              <test-case id="1091" name="HudSnapshot_FromStateWithInput_NoAnchor_FallbackMessage" fullname="Starfall.Tests.EditMode.HudAndPreviewTests.HudSnapshot_FromStateWithInput_NoAnchor_FallbackMessage" methodname="HudSnapshot_FromStateWithInput_NoAnchor_FallbackMessage" classname="Starfall.Tests.EditMode.HudAndPreviewTests" runstate="Runnable" seed="277777031" result="Passed" start-time="2026-07-14 02:06:55Z" end-time="2026-07-14 02:06:55Z" duration="0.000215" asserts="0">
                <properties>
                  <property name="retryIteration" value="0" />
                  <property name="repeatIteration" value="0" />
                </properties>
              </test-case>
              <test-case id="1092" name="HudSnapshot_Legacy3ArgCtor_BackwardCompatible" fullname="Starfall.Tests.EditMode.HudAndPreviewTests.HudSnapshot_Legacy3ArgCtor_BackwardCompatible" methodname="HudSnapshot_Legacy3ArgCtor_BackwardCompatible" classname="Starfall.Tests.EditMode.HudAndPreviewTests" runstate="Runnable" seed="1156898707" result="Passed" start-time="2026-07-14 02:06:55Z" end-time="2026-07-14 02:06:55Z" duration="0.000349" asserts="0">
                <properties>
                  <property name="retryIteration" value="0" />
                  <property name="repeatIteration" value="0" />
                </properties>
              </test-case>
              <test-case id="1073" name="Reachable_Blocked_Tiles_AreSkipped" fullname="Starfall.Tests.EditMode.HudAndPreviewTests.Reachable_Blocked_Tiles_AreSkipped" methodname="Reachable_Blocked_Tiles_AreSkipped" classname="Starfall.Tests.EditMode.HudAndPreviewTests" runstate="Runnable" seed="170272200" result="Passed" start-time="2026-07-14 02:06:55Z" end-time="2026-07-14 02:06:55Z" duration="0.001012" asserts="0">
                <properties>
                  <property name="retryIteration" value="0" />
                  <property name="repeatIteration" value="0" />
                </properties>
              </test-case>
              <test-case id="1075" name="Reachable_Deterministic_NeighborOrder_NorthEastSouthWest" fullname="Starfall.Tests.EditMode.HudAndPreviewTests.Reachable_Deterministic_NeighborOrder_NorthEastSouthWest" methodname="Reachable_Deterministic_NeighborOrder_NorthEastSouthWest" classname="Starfall.Tests.EditMode.HudAndPreviewTests" runstate="Runnable" seed="338997461" result="Passed" start-time="2026-07-14 02:06:55Z" end-time="2026-07-14 02:06:55Z" duration="0.000658" asserts="0">
                <properties>
                  <property name="retryIteration" value="0" />
                  <property name="repeatIteration" value="0" />
                </properties>
              </test-case>
              <test-case id="1072" name="Reachable_EmptyBoard_ReturnsNeighborsWithinRadius" fullname="Starfall.Tests.EditMode.HudAndPreviewTests.Reachable_EmptyBoard_ReturnsNeighborsWithinRadius" methodname="Reachable_EmptyBoard_ReturnsNeighborsWithinRadius" classname="Starfall.Tests.EditMode.HudAndPreviewTests" runstate="Runnable" seed="1880927345" result="Passed" start-time="2026-07-14 02:06:55Z" end-time="2026-07-14 02:06:55Z" duration="0.000288" asserts="0">
                <properties>
                  <property name="retryIteration" value="0" />
                  <property name="repeatIteration" value="0" />
                </properties>
              </test-case>
              <test-case id="1098" name="Reachable_NeighborOrder_NorthEastSouthWest_ResultSortedByYX" fullname="Starfall.Tests.EditMode.HudAndPreviewTests.Reachable_NeighborOrder_NorthEastSouthWest_ResultSortedByYX" methodname="Reachable_NeighborOrder_NorthEastSouthWest_ResultSortedByYX" classname="Starfall.Tests.EditMode.HudAndPreviewTests" runstate="Runnable" seed="1246790883" result="Passed" start-time="2026-07-14 02:06:55Z" end-time="2026-07-14 02:06:55Z" duration="0.000365" asserts="0">
                <properties>
                  <property name="retryIteration" value="0" />
                  <property name="repeatIteration" value="0" />
                </properties>
              </test-case>
              <test-case id="1074" name="Reachable_OtherUnits_AreObstacles" fullname="Starfall.Tests.EditMode.HudAndPreviewTests.Reachable_OtherUnits_AreObstacles" methodname="Reachable_OtherUnits_AreObstacles" classname="Starfall.Tests.EditMode.HudAndPreviewTests" runstate="Runnable" seed="1977509927" result="Passed" start-time="2026-07-14 02:06:55Z" end-time="2026-07-14 02:06:55Z" duration="0.000253" asserts="0">
                <properties>
                  <property name="retryIteration" value="0" />
                  <property name="repeatIteration" value="0" />
                </properties>
              </test-case>
              <test-case id="1076" name="Reachable_ZeroSteps_ReturnsEmpty" fullname="Starfall.Tests.EditMode.HudAndPreviewTests.Reachable_ZeroSteps_ReturnsEmpty" methodname="Reachable_ZeroSteps_ReturnsEmpty" classname="Starfall.Tests.EditMode.HudAndPreviewTests" runstate="Runnable" seed="428735011" result="Passed" start-time="2026-07-14 02:06:55Z" end-time="2026-07-14 02:06:55Z" duration="0.000169" asserts="0">
                <properties>
                  <property name="retryIteration" value="0" />
                  <property name="repeatIteration" value="0" />
                </properties>
              </test-case>
              <test-case id="1088" name="UnitSnapshot_4ArgCtor_BackwardCompatible_DefaultsPvApCv" fullname="Starfall.Tests.EditMode.HudAndPreviewTests.UnitSnapshot_4ArgCtor_BackwardCompatible_DefaultsPvApCv" methodname="UnitSnapshot_4ArgCtor_BackwardCompatible_DefaultsPvApCv" classname="Starfall.Tests.EditMode.HudAndPreviewTests" runstate="Runnable" seed="989810866" result="Passed" start-time="2026-07-14 02:06:55Z" end-time="2026-07-14 02:06:55Z" duration="0.000270" asserts="0">
                <properties>
                  <property name="retryIteration" value="0" />
                  <property name="repeatIteration" value="0" />
                </properties>
              </test-case>
              <test-case id="1089" name="UnitSnapshot_8ArgCtor_StoresAllFields" fullname="Starfall.Tests.EditMode.HudAndPreviewTests.UnitSnapshot_8ArgCtor_StoresAllFields" methodname="UnitSnapshot_8ArgCtor_StoresAllFields" classname="Starfall.Tests.EditMode.HudAndPreviewTests" runstate="Runnable" seed="885788390" result="Passed" start-time="2026-07-14 02:06:55Z" end-time="2026-07-14 02:06:55Z" duration="0.000190" asserts="0">
                <properties>
                  <property name="retryIteration" value="0" />
                  <property name="repeatIteration" value="0" />
                </properties>
              </test-case>
            </test-suite>
            <test-suite type="TestFixture" id="1100" name="InputStateMachineTests" fullname="Starfall.Tests.EditMode.InputStateMachineTests" classname="Starfall.Tests.EditMode.InputStateMachineTests" runstate="Runnable" testcasecount="27" result="Passed" start-time="2026-07-14 02:06:55Z" end-time="2026-07-14 02:06:55Z" duration="0.015792" total="27" passed="27" failed="0" inconclusive="0" skipped="0" asserts="0">
              <properties />
              <test-case id="1123" name="AllKeyBindings_HaveHandler_InSwitch" fullname="Starfall.Tests.EditMode.InputStateMachineTests.AllKeyBindings_HaveHandler_InSwitch" methodname="AllKeyBindings_HaveHandler_InSwitch" classname="Starfall.Tests.EditMode.InputStateMachineTests" runstate="Runnable" seed="487735193" result="Passed" start-time="2026-07-14 02:06:55Z" end-time="2026-07-14 02:06:55Z" duration="0.002709" asserts="0">
                <properties>
                  <property name="retryIteration" value="0" />
                  <property name="repeatIteration" value="0" />
                </properties>
              </test-case>
              <test-case id="1125" name="BuildDecreeHold_IssuesDecreeIntoBattleState" fullname="Starfall.Tests.EditMode.InputStateMachineTests.BuildDecreeHold_IssuesDecreeIntoBattleState" methodname="BuildDecreeHold_IssuesDecreeIntoBattleState" classname="Starfall.Tests.EditMode.InputStateMachineTests" runstate="Runnable" seed="123939946" result="Passed" start-time="2026-07-14 02:06:55Z" end-time="2026-07-14 02:06:55Z" duration="0.000437" asserts="0">
                <properties>
                  <property name="retryIteration" value="0" />
                  <property name="repeatIteration" value="0" />
                </properties>
              </test-case>
              <test-case id="1102" name="Cancel_FromAnyMode_GoesToSelectUnit_AndClearsSelection" fullname="Starfall.Tests.EditMode.InputStateMachineTests.Cancel_FromAnyMode_GoesToSelectUnit_AndClearsSelection" methodname="Cancel_FromAnyMode_GoesToSelectUnit_AndClearsSelection" classname="Starfall.Tests.EditMode.InputStateMachineTests" runstate="Runnable" seed="1917526997" result="Passed" start-time="2026-07-14 02:06:55Z" end-time="2026-07-14 02:06:55Z" duration="0.000233" asserts="0">
                <properties>
                  <property name="retryIteration" value="0" />
                  <property name="repeatIteration" value="0" />
                </properties>
              </test-case>
              <test-case id="1124" name="ComputeDecreeId_IsDeterministic_AndDistinct" fullname="Starfall.Tests.EditMode.InputStateMachineTests.ComputeDecreeId_IsDeterministic_AndDistinct" methodname="ComputeDecreeId_IsDeterministic_AndDistinct" classname="Starfall.Tests.EditMode.InputStateMachineTests" runstate="Runnable" seed="975099448" result="Passed" start-time="2026-07-14 02:06:55Z" end-time="2026-07-14 02:06:55Z" duration="0.000263" asserts="0">
                <properties>
                  <property name="retryIteration" value="0" />
                  <property name="repeatIteration" value="0" />
                </properties>
              </test-case>
              <test-case id="1111" name="Confirm_InAttackTarget_OnAdjacentEnemy_BuildsAttackPlan" fullname="Starfall.Tests.EditMode.InputStateMachineTests.Confirm_InAttackTarget_OnAdjacentEnemy_BuildsAttackPlan" methodname="Confirm_InAttackTarget_OnAdjacentEnemy_BuildsAttackPlan" classname="Starfall.Tests.EditMode.InputStateMachineTests" runstate="Runnable" seed="1603781764" result="Passed" start-time="2026-07-14 02:06:55Z" end-time="2026-07-14 02:06:55Z" duration="0.001282" asserts="0">
                <properties>
                  <property name="retryIteration" value="0" />
                  <property name="repeatIteration" value="0" />
                </properties>
              </test-case>
              <test-case id="1112" name="Confirm_InAttackTarget_OnOwnUnit_Rejects" fullname="Starfall.Tests.EditMode.InputStateMachineTests.Confirm_InAttackTarget_OnOwnUnit_Rejects" methodname="Confirm_InAttackTarget_OnOwnUnit_Rejects" classname="Starfall.Tests.EditMode.InputStateMachineTests" runstate="Runnable" seed="317806362" result="Passed" start-time="2026-07-14 02:06:55Z" end-time="2026-07-14 02:06:55Z" duration="0.000230" asserts="0">
                <properties>
                  <property name="retryIteration" value="0" />
                  <property name="repeatIteration" value="0" />
                </properties>
              </test-case>
              <test-case id="1110" name="Confirm_InMoveTarget_BuildsMoveCommand_AndReturnsToSelectUnit" fullname="Starfall.Tests.EditMode.InputStateMachineTests.Confirm_InMoveTarget_BuildsMoveCommand_AndReturnsToSelectUnit" methodname="Confirm_InMoveTarget_BuildsMoveCommand_AndReturnsToSelectUnit" classname="Starfall.Tests.EditMode.InputStateMachineTests" runstate="Runnable" seed="79613276" result="Passed" start-time="2026-07-14 02:06:55Z" end-time="2026-07-14 02:06:55Z" duration="0.000628" asserts="0">
                <properties>
                  <property name="retryIteration" value="0" />
                  <property name="repeatIteration" value="0" />
                </properties>
              </test-case>
              <test-case id="1113" name="Confirm_InPhaseFlipTarget_OnAdjacentOwnUnit_BuildsPhaseFlipPlan" fullname="Starfall.Tests.EditMode.InputStateMachineTests.Confirm_InPhaseFlipTarget_OnAdjacentOwnUnit_BuildsPhaseFlipPlan" methodname="Confirm_InPhaseFlipTarget_OnAdjacentOwnUnit_BuildsPhaseFlipPlan" classname="Starfall.Tests.EditMode.InputStateMachineTests" runstate="Runnable" seed="613680111" result="Passed" start-time="2026-07-14 02:06:55Z" end-time="2026-07-14 02:06:55Z" duration="0.000528" asserts="0">
                <properties>
                  <property name="retryIteration" value="0" />
                  <property name="repeatIteration" value="0" />
                </properties>
              </test-case>
              <test-case id="1108" name="Confirm_InSelectUnit_OnEnemyUnit_RejectsSelection" fullname="Starfall.Tests.EditMode.InputStateMachineTests.Confirm_InSelectUnit_OnEnemyUnit_RejectsSelection" methodname="Confirm_InSelectUnit_OnEnemyUnit_RejectsSelection" classname="Starfall.Tests.EditMode.InputStateMachineTests" runstate="Runnable" seed="1062959127" result="Passed" start-time="2026-07-14 02:06:55Z" end-time="2026-07-14 02:06:55Z" duration="0.000347" asserts="0">
                <properties>
                  <property name="retryIteration" value="0" />
                  <property name="repeatIteration" value="0" />
                </properties>
              </test-case>
              <test-case id="1109" name="Confirm_InSelectUnit_OnOwnUnit_SelectsIt" fullname="Starfall.Tests.EditMode.InputStateMachineTests.Confirm_InSelectUnit_OnOwnUnit_SelectsIt" methodname="Confirm_InSelectUnit_OnOwnUnit_SelectsIt" classname="Starfall.Tests.EditMode.InputStateMachineTests" runstate="Runnable" seed="1332859725" result="Passed" start-time="2026-07-14 02:06:55Z" end-time="2026-07-14 02:06:55Z" duration="0.000190" asserts="0">
                <properties>
                  <property name="retryIteration" value="0" />
                  <property name="repeatIteration" value="0" />
                </properties>
              </test-case>
              <test-case id="1118" name="ConfirmDecree_BuildsDecreeHoldPlan" fullname="Starfall.Tests.EditMode.InputStateMachineTests.ConfirmDecree_BuildsDecreeHoldPlan" methodname="ConfirmDecree_BuildsDecreeHoldPlan" classname="Starfall.Tests.EditMode.InputStateMachineTests" runstate="Runnable" seed="1811345857" result="Passed" start-time="2026-07-14 02:06:55Z" end-time="2026-07-14 02:06:55Z" duration="0.000617" asserts="0">
                <properties>
                  <property name="retryIteration" value="0" />
                  <property name="repeatIteration" value="0" />
                </properties>
              </test-case>
              <test-case id="1107" name="Cursor_ArrowKeys_ClampedToBoard" fullname="Starfall.Tests.EditMode.InputStateMachineTests.Cursor_ArrowKeys_ClampedToBoard" methodname="Cursor_ArrowKeys_ClampedToBoard" classname="Starfall.Tests.EditMode.InputStateMachineTests" runstate="Runnable" seed="113490742" result="Passed" start-time="2026-07-14 02:06:55Z" end-time="2026-07-14 02:06:55Z" duration="0.000371" asserts="0">
                <properties>
                  <property name="retryIteration" value="0" />
                  <property name="repeatIteration" value="0" />
                </properties>
              </test-case>
              <test-case id="1127" name="CursorMovement_AtTopLeftCorner_AllDirections_StaysClamped" fullname="Starfall.Tests.EditMode.InputStateMachineTests.CursorMovement_AtTopLeftCorner_AllDirections_StaysClamped" methodname="CursorMovement_AtTopLeftCorner_AllDirections_StaysClamped" classname="Starfall.Tests.EditMode.InputStateMachineTests" runstate="Runnable" seed="100221840" result="Passed" start-time="2026-07-14 02:06:55Z" end-time="2026-07-14 02:06:55Z" duration="0.000393" asserts="0">
                <properties>
                  <property name="retryIteration" value="0" />
                  <property name="repeatIteration" value="0" />
                </properties>
              </test-case>
              <test-case id="1119" name="DecreeCycleNext_WrapsAround" fullname="Starfall.Tests.EditMode.InputStateMachineTests.DecreeCycleNext_WrapsAround" methodname="DecreeCycleNext_WrapsAround" classname="Starfall.Tests.EditMode.InputStateMachineTests" runstate="Runnable" seed="1209710162" result="Passed" start-time="2026-07-14 02:06:55Z" end-time="2026-07-14 02:06:55Z" duration="0.000682" asserts="0">
                <properties>
                  <property name="retryIteration" value="0" />
                  <property name="repeatIteration" value="0" />
                </properties>
              </test-case>
              <test-case id="1114" name="EndTurn_SetsShouldEndTurn_True" fullname="Starfall.Tests.EditMode.InputStateMachineTests.EndTurn_SetsShouldEndTurn_True" methodname="EndTurn_SetsShouldEndTurn_True" classname="Starfall.Tests.EditMode.InputStateMachineTests" runstate="Runnable" seed="2064643359" result="Passed" start-time="2026-07-14 02:06:55Z" end-time="2026-07-14 02:06:55Z" duration="0.000205" asserts="0">
                <properties>
                  <property name="retryIteration" value="0" />
                  <property name="repeatIteration" value="0" />
                </properties>
              </test-case>
              <test-case id="1126" name="EndTurn_Signal_DoesNotProduceCommands_AndPreservesMode" fullname="Starfall.Tests.EditMode.InputStateMachineTests.EndTurn_Signal_DoesNotProduceCommands_AndPreservesMode" methodname="EndTurn_Signal_DoesNotProduceCommands_AndPreservesMode" classname="Starfall.Tests.EditMode.InputStateMachineTests" runstate="Runnable" seed="1580088550" result="Passed" start-time="2026-07-14 02:06:55Z" end-time="2026-07-14 02:06:55Z" duration="0.000246" asserts="0">
                <properties>
                  <property name="retryIteration" value="0" />
                  <property name="repeatIteration" value="0" />
                </properties>
              </test-case>
[...]
              </test-case>
              <test-case id="1178" name="ReadFile_MissingThrows" fullname="Starfall.Tests.EditMode.ReplayCodecTests.ReadFile_MissingThrows" methodname="ReadFile_MissingThrows" classname="Starfall.Tests.EditMode.ReplayCodecTests" runstate="Runnable" seed="837770297" result="Passed" start-time="2026-07-14 02:06:55Z" end-time="2026-07-14 02:06:55Z" duration="0.000514" asserts="0">
                <properties>
                  <property name="retryIteration" value="0" />
                  <property name="repeatIteration" value="0" />
                </properties>
              </test-case>
              <test-case id="1176" name="ReconstructCommands_ApplyStatusRoundTrip" fullname="Starfall.Tests.EditMode.ReplayCodecTests.ReconstructCommands_ApplyStatusRoundTrip" methodname="ReconstructCommands_ApplyStatusRoundTrip" classname="Starfall.Tests.EditMode.ReplayCodecTests" runstate="Runnable" seed="263092337" result="Passed" start-time="2026-07-14 02:06:55Z" end-time="2026-07-14 02:06:55Z" duration="0.000382" asserts="0">
                <properties>
                  <property name="retryIteration" value="0" />
                  <property name="repeatIteration" value="0" />
                </properties>
              </test-case>
              <test-case id="1175" name="ReconstructCommands_MoveCommandRoundTrip" fullname="Starfall.Tests.EditMode.ReplayCodecTests.ReconstructCommands_MoveCommandRoundTrip" methodname="ReconstructCommands_MoveCommandRoundTrip" classname="Starfall.Tests.EditMode.ReplayCodecTests" runstate="Runnable" seed="841475726" result="Passed" start-time="2026-07-14 02:06:55Z" end-time="2026-07-14 02:06:55Z" duration="0.000570" asserts="0">
                <properties>
                  <property name="retryIteration" value="0" />
                  <property name="repeatIteration" value="0" />
                </properties>
              </test-case>
              <test-case id="1174" name="WriteRead_RoundtripsFile" fullname="Starfall.Tests.EditMode.ReplayCodecTests.WriteRead_RoundtripsFile" methodname="WriteRead_RoundtripsFile" classname="Starfall.Tests.EditMode.ReplayCodecTests" runstate="Runnable" seed="1494971538" result="Passed" start-time="2026-07-14 02:06:55Z" end-time="2026-07-14 02:06:55Z" duration="0.001541" asserts="0">
                <properties>
                  <property name="retryIteration" value="0" />
                  <property name="repeatIteration" value="0" />
                </properties>
              </test-case>
            </test-suite>
            <test-suite type="TestFixture" id="1179" name="RulesTests" fullname="Starfall.Tests.EditMode.RulesTests" classname="Starfall.Tests.EditMode.RulesTests" runstate="Runnable" testcasecount="7" result="Passed" start-time="2026-07-14 02:06:55Z" end-time="2026-07-14 02:06:55Z" duration="0.006107" total="7" passed="7" failed="0" inconclusive="0" skipped="0" asserts="0">
              <properties />
              <test-case id="1182" name="CrushResolver_DetectsAndDamages" fullname="Starfall.Tests.EditMode.RulesTests.CrushResolver_DetectsAndDamages" methodname="CrushResolver_DetectsAndDamages" classname="Starfall.Tests.EditMode.RulesTests" runstate="Runnable" seed="1527969044" result="Passed" start-time="2026-07-14 02:06:55Z" end-time="2026-07-14 02:06:55Z" duration="0.002700" asserts="0">
                <properties>
                  <property name="retryIteration" value="0" />
                  <property name="repeatIteration" value="0" />
                </properties>
              </test-case>
              <test-case id="1183" name="CrushResolver_NoCrushIfSeparated" fullname="Starfall.Tests.EditMode.RulesTests.CrushResolver_NoCrushIfSeparated" methodname="CrushResolver_NoCrushIfSeparated" classname="Starfall.Tests.EditMode.RulesTests" runstate="Runnable" seed="829365657" result="Passed" start-time="2026-07-14 02:06:55Z" end-time="2026-07-14 02:06:55Z" duration="0.000258" asserts="0">
                <properties>
                  <property name="retryIteration" value="0" />
                  <property name="repeatIteration" value="0" />
                </properties>
              </test-case>
              <test-case id="1186" name="CrushResolver_SkipsDeadUnits" fullname="Starfall.Tests.EditMode.RulesTests.CrushResolver_SkipsDeadUnits" methodname="CrushResolver_SkipsDeadUnits" classname="Starfall.Tests.EditMode.RulesTests" runstate="Runnable" seed="677696464" result="Passed" start-time="2026-07-14 02:06:55Z" end-time="2026-07-14 02:06:55Z" duration="0.000156" asserts="0">
                <properties>
                  <property name="retryIteration" value="0" />
                  <property name="repeatIteration" value="0" />
                </properties>
              </test-case>
              <test-case id="1181" name="FallingCommand_IllegalOnMissingUnit" fullname="Starfall.Tests.EditMode.RulesTests.FallingCommand_IllegalOnMissingUnit" methodname="FallingCommand_IllegalOnMissingUnit" classname="Starfall.Tests.EditMode.RulesTests" runstate="Runnable" seed="1368508792" result="Passed" start-time="2026-07-14 02:06:55Z" end-time="2026-07-14 02:06:55Z" duration="0.000651" asserts="0">
                <properties>
                  <property name="retryIteration" value="0" />
                  <property name="repeatIteration" value="0" />
                </properties>
              </test-case>
              <test-case id="1180" name="FallingCommand_ReducesHp" fullname="Starfall.Tests.EditMode.RulesTests.FallingCommand_ReducesHp" methodname="FallingCommand_ReducesHp" classname="Starfall.Tests.EditMode.RulesTests" runstate="Runnable" seed="2081797881" result="Passed" start-time="2026-07-14 02:06:55Z" end-time="2026-07-14 02:06:55Z" duration="0.000318" asserts="0">
                <properties>
                  <property name="retryIteration" value="0" />
                  <property name="repeatIteration" value="0" />
                </properties>
              </test-case>
              <test-case id="1185" name="PhaseFlipValidator_AllowsAfterExpiry" fullname="Starfall.Tests.EditMode.RulesTests.PhaseFlipValidator_AllowsAfterExpiry" methodname="PhaseFlipValidator_AllowsAfterExpiry" classname="Starfall.Tests.EditMode.RulesTests" runstate="Runnable" seed="1746766371" result="Passed" start-time="2026-07-14 02:06:55Z" end-time="2026-07-14 02:06:55Z" duration="0.000322" asserts="0">
                <properties>
                  <property name="retryIteration" value="0" />
                  <property name="repeatIteration" value="0" />
                </properties>
              </test-case>
              <test-case id="1184" name="PhaseFlipValidator_BlocksDoubleFlip" fullname="Starfall.Tests.EditMode.RulesTests.PhaseFlipValidator_BlocksDoubleFlip" methodname="PhaseFlipValidator_BlocksDoubleFlip" classname="Starfall.Tests.EditMode.RulesTests" runstate="Runnable" seed="979132506" result="Passed" start-time="2026-07-14 02:06:55Z" end-time="2026-07-14 02:06:55Z" duration="0.000176" asserts="0">
                <properties>
                  <property name="retryIteration" value="0" />
                  <property name="repeatIteration" value="0" />
                </properties>
              </test-case>
            </test-suite>
            <test-suite type="TestFixture" id="1187" name="StatusSystemTests" fullname="Starfall.Tests.EditMode.StatusSystemTests" classname="Starfall.Tests.EditMode.StatusSystemTests" runstate="Runnable" testcasecount="10" result="Passed" start-time="2026-07-14 02:06:55Z" end-time="2026-07-14 02:06:55Z" duration="0.004926" total="10" passed="10" failed="0" inconclusive="0" skipped="0" asserts="0">
              <properties />
              <test-case id="1188" name="ApplyStatusCommand_AddsStatus" fullname="Starfall.Tests.EditMode.StatusSystemTests.ApplyStatusCommand_AddsStatus" methodname="ApplyStatusCommand_AddsStatus" classname="Starfall.Tests.EditMode.StatusSystemTests" runstate="Runnable" seed="325430561" result="Passed" start-time="2026-07-14 02:06:55Z" end-time="2026-07-14 02:06:55Z" duration="0.000562" asserts="0">
                <properties>
                  <property name="retryIteration" value="0" />
                  <property name="repeatIteration" value="0" />
                </properties>
              </test-case>
              <test-case id="1189" name="ApplyStatusCommand_IllegalOnMissingUnit" fullname="Starfall.Tests.EditMode.StatusSystemTests.ApplyStatusCommand_IllegalOnMissingUnit" methodname="ApplyStatusCommand_IllegalOnMissingUnit" classname="Starfall.Tests.EditMode.StatusSystemTests" runstate="Runnable" seed="102854890" result="Passed" start-time="2026-07-14 02:06:55Z" end-time="2026-07-14 02:06:55Z" duration="0.000193" asserts="0">
                <properties>
                  <property name="retryIteration" value="0" />
                  <property name="repeatIteration" value="0" />
                </properties>
              </test-case>
              <test-case id="1197" name="BattleState_HashChangesWithStatus" fullname="Starfall.Tests.EditMode.StatusSystemTests.BattleState_HashChangesWithStatus" methodname="BattleState_HashChangesWithStatus" classname="Starfall.Tests.EditMode.StatusSystemTests" runstate="Runnable" seed="1859477835" result="Passed" start-time="2026-07-14 02:06:55Z" end-time="2026-07-14 02:06:55Z" duration="0.000196" asserts="0">
                <properties>
                  <property name="retryIteration" value="0" />
                  <property name="repeatIteration" value="0" />
                </properties>
              </test-case>
              <test-case id="1195" name="MoveCommand_IllegalWhenRooted" fullname="Starfall.Tests.EditMode.StatusSystemTests.MoveCommand_IllegalWhenRooted" methodname="MoveCommand_IllegalWhenRooted" classname="Starfall.Tests.EditMode.StatusSystemTests" runstate="Runnable" seed="639299102" result="Passed" start-time="2026-07-14 02:06:55Z" end-time="2026-07-14 02:06:55Z" duration="0.000413" asserts="0">
                <properties>
                  <property name="retryIteration" value="0" />
                  <property name="repeatIteration" value="0" />
                </properties>
              </test-case>
              <test-case id="1190" name="RemoveStatusCommand_RemovesByInstanceId" fullname="Starfall.Tests.EditMode.StatusSystemTests.RemoveStatusCommand_RemovesByInstanceId" methodname="RemoveStatusCommand_RemovesByInstanceId" classname="Starfall.Tests.EditMode.StatusSystemTests" runstate="Runnable" seed="584151849" result="Passed" start-time="2026-07-14 02:06:55Z" end-time="2026-07-14 02:06:55Z" duration="0.000540" asserts="0">
                <properties>
                  <property name="retryIteration" value="0" />
                  <property name="repeatIteration" value="0" />
                </properties>
              </test-case>
              <test-case id="1196" name="StatusInstanceComparer_OrdersByKindThenTurnsThenId" fullname="Starfall.Tests.EditMode.StatusSystemTests.StatusInstanceComparer_OrdersByKindThenTurnsThenId" methodname="StatusInstanceComparer_OrdersByKindThenTurnsThenId" classname="Starfall.Tests.EditMode.StatusSystemTests" runstate="Runnable" seed="1854430572" result="Passed" start-time="2026-07-14 02:06:55Z" end-time="2026-07-14 02:06:55Z" duration="0.000657" asserts="0">
                <properties>
                  <property name="retryIteration" value="0" />
                  <property name="repeatIteration" value="0" />
                </properties>
              </test-case>
              <test-case id="1193" name="TickEndTurnCommand_BurnDealsOneDamage" fullname="Starfall.Tests.EditMode.StatusSystemTests.TickEndTurnCommand_BurnDealsOneDamage" methodname="TickEndTurnCommand_BurnDealsOneDamage" classname="Starfall.Tests.EditMode.StatusSystemTests" runstate="Runnable" seed="365895030" result="Passed" start-time="2026-07-14 02:06:55Z" end-time="2026-07-14 02:06:55Z" duration="0.000200" asserts="0">
                <properties>
                  <property name="retryIteration" value="0" />
                  <property name="repeatIteration" value="0" />
                </properties>
              </test-case>
              <test-case id="1191" name="TickEndTurnCommand_DecrementsRemaining" fullname="Starfall.Tests.EditMode.StatusSystemTests.TickEndTurnCommand_DecrementsRemaining" methodname="TickEndTurnCommand_DecrementsRemaining" classname="Starfall.Tests.EditMode.StatusSystemTests" runstate="Runnable" seed="1360347200" result="Passed" start-time="2026-07-14 02:06:55Z" end-time="2026-07-14 02:06:55Z" duration="0.000182" asserts="0">
                <properties>
                  <property name="retryIteration" value="0" />
                  <property name="repeatIteration" value="0" />
                </properties>
              </test-case>
              <test-case id="1194" name="TickEndTurnCommand_PhaseInvertFlipsPhase" fullname="Starfall.Tests.EditMode.StatusSystemTests.TickEndTurnCommand_PhaseInvertFlipsPhase" methodname="TickEndTurnCommand_PhaseInvertFlipsPhase" classname="Starfall.Tests.EditMode.StatusSystemTests" runstate="Runnable" seed="1425553630" result="Passed" start-time="2026-07-14 02:06:55Z" end-time="2026-07-14 02:06:55Z" duration="0.000230" asserts="0">
                <properties>
                  <property name="retryIteration" value="0" />
                  <property name="repeatIteration" value="0" />
                </properties>
              </test-case>
              <test-case id="1192" name="TickEndTurnCommand_RemovesExpiredStatus" fullname="Starfall.Tests.EditMode.StatusSystemTests.TickEndTurnCommand_RemovesExpiredStatus" methodname="TickEndTurnCommand_RemovesExpiredStatus" classname="Starfall.Tests.EditMode.StatusSystemTests" runstate="Runnable" seed="1774627106" result="Passed" start-time="2026-07-14 02:06:55Z" end-time="2026-07-14 02:06:55Z" duration="0.000190" asserts="0">
                <properties>
                  <property name="retryIteration" value="0" />
                  <property name="repeatIteration" value="0" />
                </properties>
              </test-case>
            </test-suite>
            <test-suite type="TestFixture" id="1198" name="UndoIntegrationTests" fullname="Starfall.Tests.EditMode.UndoIntegrationTests" classname="Starfall.Tests.EditMode.UndoIntegrationTests" runstate="Runnable" testcasecount="8" result="Passed" start-time="2026-07-14 02:06:55Z" end-time="2026-07-14 02:06:55Z" duration="0.006238" total="8" passed="8" failed="0" inconclusive="0" skipped="0" asserts="0">
              <properties />
              <test-case id="1204" name="RestoreState_ClearsEventSink" fullname="Starfall.Tests.EditMode.UndoIntegrationTests.RestoreState_ClearsEventSink" methodname="RestoreState_ClearsEventSink" classname="Starfall.Tests.EditMode.UndoIntegrationTests" runstate="Runnable" seed="2146370004" result="Passed" start-time="2026-07-14 02:06:55Z" end-time="2026-07-14 02:06:55Z" duration="0.000817" asserts="0">
                <properties>
                  <property name="retryIteration" value="0" />
                  <property name="repeatIteration" value="0" />
                </properties>
              </test-case>
              <test-case id="1205" name="RestoreState_NullSnapshot_Throws" fullname="Starfall.Tests.EditMode.UndoIntegrationTests.RestoreState_NullSnapshot_Throws" methodname="RestoreState_NullSnapshot_Throws" classname="Starfall.Tests.EditMode.UndoIntegrationTests" runstate="Runnable" seed="673311814" result="Passed" start-time="2026-07-14 02:06:55Z" end-time="2026-07-14 02:06:55Z" duration="0.000289" asserts="0">
                <properties>
                  <property name="retryIteration" value="0" />
                  <property name="repeatIteration" value="0" />
                </properties>
              </test-case>
              <test-case id="1206" name="RestoreState_RecomputesOutcome" fullname="Starfall.Tests.EditMode.UndoIntegrationTests.RestoreState_RecomputesOutcome" methodname="RestoreState_RecomputesOutcome" classname="Starfall.Tests.EditMode.UndoIntegrationTests" runstate="Runnable" seed="1433713066" result="Passed" start-time="2026-07-14 02:06:55Z" end-time="2026-07-14 02:06:55Z" duration="0.000199" asserts="0">
                <properties>
                  <property name="retryIteration" value="0" />
                  <property name="repeatIteration" value="0" />
                </properties>
              </test-case>
              <test-case id="1200" name="Undo_AttackCommand_RestoresHP" fullname="Starfall.Tests.EditMode.UndoIntegrationTests.Undo_AttackCommand_RestoresHP" methodname="Undo_AttackCommand_RestoresHP" classname="Starfall.Tests.EditMode.UndoIntegrationTests" runstate="Runnable" seed="992629306" result="Passed" start-time="2026-07-14 02:06:55Z" end-time="2026-07-14 02:06:55Z" duration="0.000781" asserts="0">
                <properties>
                  <property name="retryIteration" value="0" />
                  <property name="repeatIteration" value="0" />
                </properties>
              </test-case>
              <test-case id="1201" name="Undo_EndTurn_RestoresTurnNumberAndActivePlayer" fullname="Starfall.Tests.EditMode.UndoIntegrationTests.Undo_EndTurn_RestoresTurnNumberAndActivePlayer" methodname="Undo_EndTurn_RestoresTurnNumberAndActivePlayer" classname="Starfall.Tests.EditMode.UndoIntegrationTests" runstate="Runnable" seed="2102023902" result="Passed" start-time="2026-07-14 02:06:55Z" end-time="2026-07-14 02:06:55Z" duration="0.000398" asserts="0">
                <properties>
                  <property name="retryIteration" value="0" />
                  <property name="repeatIteration" value="0" />
                </properties>
              </test-case>
              <test-case id="1199" name="Undo_MoveCommand_RestoresPreviousState" fullname="Starfall.Tests.EditMode.UndoIntegrationTests.Undo_MoveCommand_RestoresPreviousState" methodname="Undo_MoveCommand_RestoresPreviousState" classname="Starfall.Tests.EditMode.UndoIntegrationTests" runstate="Runnable" seed="2060368763" result="Passed" start-time="2026-07-14 02:06:55Z" end-time="2026-07-14 02:06:55Z" duration="0.000703" asserts="0">
                <properties>
                  <property name="retryIteration" value="0" />
                  <property name="repeatIteration" value="0" />
                </properties>
              </test-case>
              <test-case id="1202" name="Undo_MultiLevel_OnlyLastStepReverts" fullname="Starfall.Tests.EditMode.UndoIntegrationTests.Undo_MultiLevel_OnlyLastStepReverts" methodname="Undo_MultiLevel_OnlyLastStepReverts" classname="Starfall.Tests.EditMode.UndoIntegrationTests" runstate="Runnable" seed="1146012370" result="Passed" start-time="2026-07-14 02:06:55Z" end-time="2026-07-14 02:06:55Z" duration="0.001040" asserts="0">
                <properties>
                  <property name="retryIteration" value="0" />
                  <property name="repeatIteration" value="0" />
                </properties>
              </test-case>
              <test-case id="1203" name="Undo_ThenNewSubmit_BehavesLikeFreshRunner" fullname="Starfall.Tests.EditMode.UndoIntegrationTests.Undo_ThenNewSubmit_BehavesLikeFreshRunner" methodname="Undo_ThenNewSubmit_BehavesLikeFreshRunner" classname="Starfall.Tests.EditMode.UndoIntegrationTests" runstate="Runnable" seed="1863772490" result="Passed" start-time="2026-07-14 02:06:55Z" end-time="2026-07-14 02:06:55Z" duration="0.000725" asserts="0">
                <properties>
                  <property name="retryIteration" value="0" />
                  <property name="repeatIteration" value="0" />
                </properties>
                <output><![CDATA[Saving results to: C:/Users/Leon/AppData/LocalLow/DefaultCompany/XingyuanCovenant\TestResults.xml
]]></output>
              </test-case>
            </test-suite>
          </test-suite>
        </test-suite>
      </test-suite>
    </test-suite>
  </test-suite>
</test-run>